Release 14.7 - xst P.20131013 (nt64)
Copyright (c) 1995-2013 Xilinx, Inc.  All rights reserved.
--> Parameter TMPDIR set to xst/projnav.tmp


Total REAL time to Xst completion: 0.00 secs
Total CPU time to Xst completion: 0.14 secs
 
--> Parameter xsthdpdir set to xst


Total REAL time to Xst completion: 0.00 secs
Total CPU time to Xst completion: 0.14 secs
 
--> Reading design: scoreboard_sch.prj

TABLE OF CONTENTS
  1) Synthesis Options Summary
  2) HDL Parsing
  3) HDL Elaboration
  4) HDL Synthesis
       4.1) HDL Synthesis Report
  5) Advanced HDL Synthesis
       5.1) Advanced HDL Synthesis Report
  6) Low Level Synthesis
  7) Partition Report
  8) Design Summary
       8.1) Primitive and Black Box Usage
       8.2) Device utilization summary
       8.3) Partition Resource Summary
       8.4) Timing Report
            8.4.1) Clock Information
            8.4.2) Asynchronous Control Signals Information
            8.4.3) Timing Summary
            8.4.4) Timing Details
            8.4.5) Cross Clock Domains Report


=========================================================================
*                      Synthesis Options Summary                        *
=========================================================================
---- Source Parameters
Input File Name                    : "scoreboard_sch.prj"
Ignore Synthesis Constraint File   : NO

---- Target Parameters
Output File Name                   : "scoreboard_sch"
Output Format                      : NGC
Target Device                      : xc7k160t-1-fbg676

---- Source Options
Top Module Name                    : scoreboard_sch
Automatic FSM Extraction           : YES
FSM Encoding Algorithm             : Auto
Safe Implementation                : No
FSM Style                          : LUT
RAM Extraction                     : Yes
RAM Style                          : Auto
ROM Extraction                     : Yes
Shift Register Extraction          : YES
ROM Style                          : Auto
Resource Sharing                   : YES
Asynchronous To Synchronous        : NO
Shift Register Minimum Size        : 2
Use DSP Block                      : Auto
Automatic Register Balancing       : No

---- Target Options
LUT Combining                      : Auto
Reduce Control Sets                : Auto
Add IO Buffers                     : YES
Global Maximum Fanout              : 100000
Add Generic Clock Buffer(BUFG)     : 32
Register Duplication               : YES
Optimize Instantiated Primitives   : NO
Use Clock Enable                   : Auto
Use Synchronous Set                : Auto
Use Synchronous Reset              : Auto
Pack IO Registers into IOBs        : Auto
Equivalent register Removal        : YES

---- General Options
Optimization Goal                  : Speed
Optimization Effort                : 1
Power Reduction                    : NO
Keep Hierarchy                     : No
Netlist Hierarchy                  : As_Optimized
RTL Output                         : Yes
Global Optimization                : AllClockNets
Read Cores                         : YES
Write Timing Constraints           : NO
Cross Clock Analysis               : NO
Hierarchy Separator                : /
Bus Delimiter                      : <>
Case Specifier                     : Maintain
Slice Utilization Ratio            : 100
BRAM Utilization Ratio             : 100
DSP48 Utilization Ratio            : 100
Auto BRAM Packing                  : NO
Slice Utilization Ratio Delta      : 5

=========================================================================


=========================================================================
*                          HDL Parsing                                  *
=========================================================================
Analyzing Verilog file "D:\susica\work9\work8\Adder1b.vf" into library work
Parsing module <Adder1b>.
Analyzing Verilog file "D:\susica\work9\work8\Mux4to1b4.vf" into library work
Parsing module <Mux4to1b4>.
Analyzing Verilog file "D:\susica\work9\work8\Mux4to1.vf" into library work
Parsing module <Mux4to1>.
Analyzing Verilog file "D:\susica\work9\work8\AddSub4b.vf" into library work
Parsing module <AddSub1b_MUSER_AddSub4b>.
Parsing module <AddSub4b>.
Analyzing Verilog file "D:\susica\work9\work8\sevenseg_SCH.vf" into library work
Parsing module <sevenseg_SCH>.
Analyzing Verilog file "D:\susica\work9\work8\CreateNumber.v" into library work
Parsing module <CreateNumber>.
Parsing module <pbdebounce>.
Analyzing Verilog file "D:\susica\work9\work8\clkdiv_t.v" into library work
Parsing module <clkdiv_t>.
Analyzing Verilog file "D:\susica\work9\work8\ALU.vf" into library work
Parsing module <myOr2b4_MUSER_ALU>.
Parsing module <myAnd2b4_MUSER_ALU>.
Parsing module <AddSub1b_MUSER_ALU>.
Parsing module <AddSub4b_MUSER_ALU>.
Parsing module <ALU>.
Analyzing Verilog file "D:\susica\work9\work8\scoreboard_sch.vf" into library work
Parsing module <scoreboard_sch>.

=========================================================================
*                            HDL Elaboration                            *
=========================================================================

Elaborating module <scoreboard_sch>.

Elaborating module <sevenseg_SCH>.

Elaborating module <AND4>.

Elaborating module <OR2>.

Elaborating module <OR3>.

Elaborating module <OR4>.

Elaborating module <AND3>.

Elaborating module <AND2>.

Elaborating module <INV>.

Elaborating module <Mux4to1>.

Elaborating module <Mux4to1b4>.

Elaborating module <clkdiv_t>.

Elaborating module <BUF>.

Elaborating module <VCC>.

Elaborating module <GND>.

Elaborating module <ALU>.

Elaborating module <AddSub4b_MUSER_ALU>.

Elaborating module <AddSub1b_MUSER_ALU>.

Elaborating module <Adder1b>.

Elaborating module <XOR2>.

Elaborating module <myAnd2b4_MUSER_ALU>.

Elaborating module <myOr2b4_MUSER_ALU>.
WARNING:HDLCompiler:1016 - "D:\susica\work9\work8\CreateNumber.v" Line 32: Port Co is not connected to this instance
WARNING:HDLCompiler:1016 - "D:\susica\work9\work8\CreateNumber.v" Line 33: Port Co is not connected to this instance

Elaborating module <CreateNumber>.

Elaborating module <AddSub4b>.

Elaborating module <AddSub1b_MUSER_AddSub4b>.

Elaborating module <pbdebounce>.

=========================================================================
*                           HDL Synthesis                               *
=========================================================================

Synthesizing Unit <scoreboard_sch>.
    Related source file is "D:\susica\work9\work8\scoreboard_sch.vf".
    Summary:
	no macro.
Unit <scoreboard_sch> synthesized.

Synthesizing Unit <sevenseg_SCH>.
    Related source file is "D:\susica\work9\work8\sevenseg_SCH.vf".
    Summary:
	no macro.
Unit <sevenseg_SCH> synthesized.

Synthesizing Unit <Mux4to1>.
    Related source file is "D:\susica\work9\work8\Mux4to1.vf".
    Summary:
	no macro.
Unit <Mux4to1> synthesized.

Synthesizing Unit <Mux4to1b4>.
    Related source file is "D:\susica\work9\work8\Mux4to1b4.vf".
    Summary:
	no macro.
Unit <Mux4to1b4> synthesized.

Synthesizing Unit <clkdiv_t>.
    Related source file is "D:\susica\work9\work8\clkdiv_t.v".
    Found 32-bit register for signal <clkdiv>.
    Found 32-bit adder for signal <clkdiv[31]_GND_12_o_add_0_OUT> created at line 28.
    Summary:
	inferred   1 Adder/Subtractor(s).
	inferred  32 D-type flip-flop(s).
Unit <clkdiv_t> synthesized.

Synthesizing Unit <ALU>.
    Related source file is "D:\susica\work9\work8\ALU.vf".
    Summary:
	no macro.
Unit <ALU> synthesized.

Synthesizing Unit <AddSub4b_MUSER_ALU>.
    Related source file is "D:\susica\work9\work8\ALU.vf".
    Summary:
	no macro.
Unit <AddSub4b_MUSER_ALU> synthesized.

Synthesizing Unit <AddSub1b_MUSER_ALU>.
    Related source file is "D:\susica\work9\work8\ALU.vf".
    Summary:
	no macro.
Unit <AddSub1b_MUSER_ALU> synthesized.

Synthesizing Unit <Adder1b>.
    Related source file is "D:\susica\work9\work8\Adder1b.vf".
    Summary:
	no macro.
Unit <Adder1b> synthesized.

Synthesizing Unit <myAnd2b4_MUSER_ALU>.
    Related source file is "D:\susica\work9\work8\ALU.vf".
    Summary:
	no macro.
Unit <myAnd2b4_MUSER_ALU> synthesized.

Synthesizing Unit <myOr2b4_MUSER_ALU>.
    Related source file is "D:\susica\work9\work8\ALU.vf".
    Summary:
	no macro.
Unit <myOr2b4_MUSER_ALU> synthesized.

Synthesizing Unit <CreateNumber>.
    Related source file is "D:\susica\work9\work8\CreateNumber.v".
INFO:Xst:3210 - "D:\susica\work9\work8\CreateNumber.v" line 32: Output port <Co> of the instance <a1> is unconnected or connected to loadless signal.
INFO:Xst:3210 - "D:\susica\work9\work8\CreateNumber.v" line 33: Output port <Co> of the instance <a2> is unconnected or connected to loadless signal.
    Found 1-bit register for signal <num<2>>.
    Found 1-bit register for signal <num<1>>.
    Found 1-bit register for signal <num<0>>.
    Found 1-bit register for signal <num<7>>.
    Found 1-bit register for signal <num<6>>.
    Found 1-bit register for signal <num<5>>.
    Found 1-bit register for signal <num<4>>.
    Found 1-bit register for signal <num<3>>.
    Summary:
	inferred   8 D-type flip-flop(s).
Unit <CreateNumber> synthesized.

Synthesizing Unit <AddSub4b>.
    Related source file is "D:\susica\work9\work8\AddSub4b.vf".
    Summary:
	no macro.
Unit <AddSub4b> synthesized.

Synthesizing Unit <AddSub1b_MUSER_AddSub4b>.
    Related source file is "D:\susica\work9\work8\AddSub4b.vf".
    Summary:
	no macro.
Unit <AddSub1b_MUSER_AddSub4b> synthesized.

Synthesizing Unit <pbdebounce>.
    Related source file is "D:\susica\work9\work8\CreateNumber.v".
    Found 1-bit register for signal <pbreg>.
    Found 7-bit register for signal <pbshift<6:0>>.
    Summary:
	inferred   8 D-type flip-flop(s).
Unit <pbdebounce> synthesized.

=========================================================================
HDL Synthesis Report

Macro Statistics
# Adders/Subtractors                                   : 1
 32-bit adder                                          : 1
# Registers                                            : 7
 1-bit register                                        : 2
 32-bit register                                       : 1
 4-bit register                                        : 2
 7-bit register                                        : 2

=========================================================================

=========================================================================
*                       Advanced HDL Synthesis                          *
=========================================================================


Synthesizing (advanced) Unit <clkdiv_t>.
The following registers are absorbed into counter <clkdiv>: 1 register on signal <clkdiv>.
Unit <clkdiv_t> synthesized (advanced).

=========================================================================
Advanced HDL Synthesis Report

Macro Statistics
# Counters                                             : 1
 32-bit up counter                                     : 1
# Registers                                            : 24
 Flip-Flops                                            : 24

=========================================================================

=========================================================================
*                         Low Level Synthesis                           *
=========================================================================
WARNING:Xst:2677 - Node <XLXI_7/clkdiv_19> of sequential type is unconnected in block <scoreboard_sch>.
WARNING:Xst:2677 - Node <XLXI_7/clkdiv_20> of sequential type is unconnected in block <scoreboard_sch>.
WARNING:Xst:2677 - Node <XLXI_7/clkdiv_21> of sequential type is unconnected in block <scoreboard_sch>.
WARNING:Xst:2677 - Node <XLXI_7/clkdiv_22> of sequential type is unconnected in block <scoreboard_sch>.
WARNING:Xst:2677 - Node <XLXI_7/clkdiv_23> of sequential type is unconnected in block <scoreboard_sch>.
WARNING:Xst:2677 - Node <XLXI_7/clkdiv_24> of sequential type is unconnected in block <scoreboard_sch>.
WARNING:Xst:2677 - Node <XLXI_7/clkdiv_25> of sequential type is unconnected in block <scoreboard_sch>.
WARNING:Xst:2677 - Node <XLXI_7/clkdiv_26> of sequential type is unconnected in block <scoreboard_sch>.
WARNING:Xst:2677 - Node <XLXI_7/clkdiv_27> of sequential type is unconnected in block <scoreboard_sch>.
WARNING:Xst:2677 - Node <XLXI_7/clkdiv_28> of sequential type is unconnected in block <scoreboard_sch>.
WARNING:Xst:2677 - Node <XLXI_7/clkdiv_29> of sequential type is unconnected in block <scoreboard_sch>.
WARNING:Xst:2677 - Node <XLXI_7/clkdiv_30> of sequential type is unconnected in block <scoreboard_sch>.
WARNING:Xst:2677 - Node <XLXI_7/clkdiv_31> of sequential type is unconnected in block <scoreboard_sch>.

Optimizing unit <scoreboard_sch> ...

Optimizing unit <CreateNumber> ...

Optimizing unit <Mux4to1b4> ...

Optimizing unit <Mux4to1> ...

Optimizing unit <sevenseg_SCH> ...

Optimizing unit <pbdebounce> ...

Mapping all equations...
Building and optimizing final netlist ...
Found area constraint ratio of 100 (+ 5) on block scoreboard_sch, actual ratio is 0.

Final Macro Processing ...

=========================================================================
Final Register Report

Macro Statistics
# Registers                                            : 43
 Flip-Flops                                            : 43

=========================================================================

=========================================================================
*                           Partition Report                            *
=========================================================================

Partition Implementation Status
-------------------------------

  No Partitions were found in this design.

-------------------------------

=========================================================================
*                            Design Summary                             *
=========================================================================

Top Level Output File Name         : scoreboard_sch.ngc

Primitive and Black Box Usage:
------------------------------
# BELS                             : 312
#      AND2                        : 125
#      AND3                        : 11
#      AND4                        : 9
#      BUF                         : 1
#      GND                         : 1
#      INV                         : 18
#      LUT1                        : 18
#      LUT3                        : 5
#      LUT6                        : 4
#      MUXCY                       : 18
#      MUXF7                       : 1
#      OR2                         : 11
#      OR3                         : 15
#      OR4                         : 19
#      VCC                         : 1
#      XOR2                        : 36
#      XORCY                       : 19
# FlipFlops/Latches                : 43
#      FD                          : 24
#      FDC                         : 19
# Clock Buffers                    : 1
#      BUFGP                       : 1
# IO Buffers                       : 29
#      IBUF                        : 16
#      OBUF                        : 13

Device utilization summary:
---------------------------

Selected Device : 7k160tfbg676-1 


Slice Logic Utilization: 
 Number of Slice Registers:              43  out of  202800     0%  
 Number of Slice LUTs:                   45  out of  101400     0%  
    Number used as Logic:                45  out of  101400     0%  

Slice Logic Distribution: 
 Number of LUT Flip Flop pairs used:     60
   Number with an unused Flip Flop:      17  out of     60    28%  
   Number with an unused LUT:            15  out of     60    25%  
   Number of fully used LUT-FF pairs:    28  out of     60    46%  
   Number of unique control sets:         4

IO Utilization: 
 Number of IOs:                          30
 Number of bonded IOBs:                  30  out of    400     7%  

Specific Feature Utilization:
 Number of BUFG/BUFGCTRLs:                1  out of     32     3%  

---------------------------
Partition Resource Summary:
---------------------------

  No Partitions were found in this design.

---------------------------


=========================================================================
Timing Report

NOTE: THESE TIMING NUMBERS ARE ONLY A SYNTHESIS ESTIMATE.
      FOR ACCURATE TIMING INFORMATION PLEASE REFER TO THE TRACE REPORT
      GENERATED AFTER PLACE-and-ROUTE.

Clock Information:
------------------
-----------------------------------+---------------------------+-------+
Clock Signal                       | Clock buffer(FF name)     | Load  |
-----------------------------------+---------------------------+-------+
clk_100mhz                         | BUFGP                     | 19    |
XLXI_41/p0/pbreg                   | NONE(XLXI_41/num_3)       | 4     |
XLXI_41/p1/pbreg                   | NONE(XLXI_41/num_7)       | 4     |
XLXI_7/clkdiv_17                   | NONE(XLXI_41/p1/pbshift_6)| 16    |
-----------------------------------+---------------------------+-------+
INFO:Xst:2169 - HDL ADVISOR - Some clock signals were not automatically buffered by XST with BUFG/BUFR resources. Please use the buffer_type constraint in order to insert these buffers to the clock signals to help prevent skew problems.

Asynchronous Control Signals Information:
----------------------------------------
No asynchronous control signals found in this design

Timing Summary:
---------------
Speed Grade: -1

   Minimum period: 6.331ns (Maximum Frequency: 157.953MHz)
   Minimum input arrival time before clock: 6.842ns
   Maximum output required time after clock: 14.358ns
   Maximum combinational path delay: 14.116ns

Timing Details:
---------------
All values displayed in nanoseconds (ns)

=========================================================================
Timing constraint: Default period analysis for Clock 'clk_100mhz'
  Clock period: 1.625ns (frequency: 615.385MHz)
  Total number of paths / destination ports: 190 / 19
-------------------------------------------------------------------------
Delay:               1.625ns (Levels of Logic = 20)
  Source:            XLXI_7/clkdiv_0 (FF)
  Destination:       XLXI_7/clkdiv_18 (FF)
  Source Clock:      clk_100mhz rising
  Destination Clock: clk_100mhz rising

  Data Path: XLXI_7/clkdiv_0 to XLXI_7/clkdiv_18
                                Gate     Net
    Cell:in->out      fanout   Delay   Delay  Logical Name (Net Name)
    ----------------------------------------  ------------
     FDC:C->Q              1   0.282   0.399  XLXI_7/clkdiv_0 (XLXI_7/clkdiv_0)
     INV:I->O              1   0.067   0.000  XLXI_7/Mcount_clkdiv_lut<0>_INV_0 (XLXI_7/Mcount_clkdiv_lut<0>)
     MUXCY:S->O            1   0.291   0.000  XLXI_7/Mcount_clkdiv_cy<0> (XLXI_7/Mcount_clkdiv_cy<0>)
     MUXCY:CI->O           1   0.015   0.000  XLXI_7/Mcount_clkdiv_cy<1> (XLXI_7/Mcount_clkdiv_cy<1>)
     MUXCY:CI->O           1   0.015   0.000  XLXI_7/Mcount_clkdiv_cy<2> (XLXI_7/Mcount_clkdiv_cy<2>)
     MUXCY:CI->O           1   0.015   0.000  XLXI_7/Mcount_clkdiv_cy<3> (XLXI_7/Mcount_clkdiv_cy<3>)
     MUXCY:CI->O           1   0.015   0.000  XLXI_7/Mcount_clkdiv_cy<4> (XLXI_7/Mcount_clkdiv_cy<4>)
     MUXCY:CI->O           1   0.015   0.000  XLXI_7/Mcount_clkdiv_cy<5> (XLXI_7/Mcount_clkdiv_cy<5>)
     MUXCY:CI->O           1   0.015   0.000  XLXI_7/Mcount_clkdiv_cy<6> (XLXI_7/Mcount_clkdiv_cy<6>)
     MUXCY:CI->O           1   0.015   0.000  XLXI_7/Mcount_clkdiv_cy<7> (XLXI_7/Mcount_clkdiv_cy<7>)
     MUXCY:CI->O           1   0.015   0.000  XLXI_7/Mcount_clkdiv_cy<8> (XLXI_7/Mcount_clkdiv_cy<8>)
     MUXCY:CI->O           1   0.015   0.000  XLXI_7/Mcount_clkdiv_cy<9> (XLXI_7/Mcount_clkdiv_cy<9>)
     MUXCY:CI->O           1   0.015   0.000  XLXI_7/Mcount_clkdiv_cy<10> (XLXI_7/Mcount_clkdiv_cy<10>)
     MUXCY:CI->O           1   0.015   0.000  XLXI_7/Mcount_clkdiv_cy<11> (XLXI_7/Mcount_clkdiv_cy<11>)
     MUXCY:CI->O           1   0.015   0.000  XLXI_7/Mcount_clkdiv_cy<12> (XLXI_7/Mcount_clkdiv_cy<12>)
     MUXCY:CI->O           1   0.015   0.000  XLXI_7/Mcount_clkdiv_cy<13> (XLXI_7/Mcount_clkdiv_cy<13>)
     MUXCY:CI->O           1   0.015   0.000  XLXI_7/Mcount_clkdiv_cy<14> (XLXI_7/Mcount_clkdiv_cy<14>)
     MUXCY:CI->O           1   0.015   0.000  XLXI_7/Mcount_clkdiv_cy<15> (XLXI_7/Mcount_clkdiv_cy<15>)
     MUXCY:CI->O           1   0.015   0.000  XLXI_7/Mcount_clkdiv_cy<16> (XLXI_7/Mcount_clkdiv_cy<16>)
     MUXCY:CI->O           0   0.015   0.000  XLXI_7/Mcount_clkdiv_cy<17> (XLXI_7/Mcount_clkdiv_cy<17>)
     XORCY:CI->O           1   0.320   0.000  XLXI_7/Mcount_clkdiv_xor<18> (Result<18>)
     FDC:D                     0.011          XLXI_7/clkdiv_18
    ----------------------------------------
    Total                      1.625ns (1.226ns logic, 0.399ns route)
                                       (75.4% logic, 24.6% route)

=========================================================================
Timing constraint: Default period analysis for Clock 'XLXI_41/p0/pbreg'
  Clock period: 6.331ns (frequency: 157.953MHz)
  Total number of paths / destination ports: 26 / 4
-------------------------------------------------------------------------
Delay:               6.331ns (Levels of Logic = 7)
  Source:            XLXI_41/num_0 (FF)
  Destination:       XLXI_41/num_3 (FF)
  Source Clock:      XLXI_41/p0/pbreg rising
  Destination Clock: XLXI_41/p0/pbreg rising

  Data Path: XLXI_41/num_0 to XLXI_41/num_3
                                Gate     Net
    Cell:in->out      fanout   Delay   Delay  Logical Name (Net Name)
    ----------------------------------------  ------------
     FD:C->Q               9   0.282   0.778  XLXI_41/num_0 (XLXI_41/num_0)
     AND2:I1->O            1   0.067   0.739  XLXI_41/a1/XLXI_1/XLXI_1/XLXI_5 (XLXI_41/a1/XLXI_1/XLXI_1/XLXN_14)
     OR3:I0->O             3   0.053   0.753  XLXI_41/a1/XLXI_1/XLXI_1/XLXI_6 (XLXI_41/a1/XLXN_16)
     AND2:I0->O            1   0.053   0.725  XLXI_41/a1/XLXI_3/XLXI_1/XLXI_4 (XLXI_41/a1/XLXI_3/XLXI_1/XLXN_13)
     OR3:I1->O             3   0.067   0.753  XLXI_41/a1/XLXI_3/XLXI_1/XLXI_6 (XLXI_41/a1/XLXN_17)
     AND2:I0->O            1   0.053   0.725  XLXI_41/a1/XLXI_4/XLXI_1/XLXI_4 (XLXI_41/a1/XLXI_4/XLXI_1/XLXN_13)
     OR3:I1->O             3   0.067   0.753  XLXI_41/a1/XLXI_4/XLXI_1/XLXI_6 (XLXI_41/a1/XLXN_18)
     XOR2:I0->O            1   0.053   0.399  XLXI_41/a1/XLXI_5/XLXI_1/XLXI_2 (XLXI_41/A1<3>)
     FD:D                      0.011          XLXI_41/num_3
    ----------------------------------------
    Total                      6.331ns (0.706ns logic, 5.625ns route)
                                       (11.2% logic, 88.8% route)

=========================================================================
Timing constraint: Default period analysis for Clock 'XLXI_41/p1/pbreg'
  Clock period: 6.318ns (frequency: 158.278MHz)
  Total number of paths / destination ports: 26 / 4
-------------------------------------------------------------------------
Delay:               6.318ns (Levels of Logic = 7)
  Source:            XLXI_41/num_4 (FF)
  Destination:       XLXI_41/num_7 (FF)
  Source Clock:      XLXI_41/p1/pbreg rising
  Destination Clock: XLXI_41/p1/pbreg rising

  Data Path: XLXI_41/num_4 to XLXI_41/num_7
                                Gate     Net
    Cell:in->out      fanout   Delay   Delay  Logical Name (Net Name)
    ----------------------------------------  ------------
     FD:C->Q               7   0.282   0.765  XLXI_41/num_4 (XLXI_41/num_4)
     AND2:I1->O            1   0.067   0.739  XLXI_41/a2/XLXI_1/XLXI_1/XLXI_5 (XLXI_41/a2/XLXI_1/XLXI_1/XLXN_14)
     OR3:I0->O             3   0.053   0.753  XLXI_41/a2/XLXI_1/XLXI_1/XLXI_6 (XLXI_41/a2/XLXN_16)
     AND2:I0->O            1   0.053   0.725  XLXI_41/a2/XLXI_3/XLXI_1/XLXI_4 (XLXI_41/a2/XLXI_3/XLXI_1/XLXN_13)
     OR3:I1->O             3   0.067   0.753  XLXI_41/a2/XLXI_3/XLXI_1/XLXI_6 (XLXI_41/a2/XLXN_17)
     AND2:I0->O            1   0.053   0.725  XLXI_41/a2/XLXI_4/XLXI_1/XLXI_4 (XLXI_41/a2/XLXI_4/XLXI_1/XLXN_13)
     OR3:I1->O             3   0.067   0.753  XLXI_41/a2/XLXI_4/XLXI_1/XLXI_6 (XLXI_41/a2/XLXN_18)
     XOR2:I0->O            1   0.053   0.399  XLXI_41/a2/XLXI_5/XLXI_1/XLXI_2 (XLXI_41/B1<3>)
     FD:D                      0.011          XLXI_41/num_7
    ----------------------------------------
    Total                      6.318ns (0.706ns logic, 5.612ns route)
                                       (11.2% logic, 88.8% route)

=========================================================================
Timing constraint: Default period analysis for Clock 'XLXI_7/clkdiv_17'
  Clock period: 2.083ns (frequency: 480.077MHz)
  Total number of paths / destination ports: 42 / 14
-------------------------------------------------------------------------
Delay:               2.083ns (Levels of Logic = 3)
  Source:            XLXI_41/p0/pbshift_3 (FF)
  Destination:       XLXI_41/p0/pbreg (FF)
  Source Clock:      XLXI_7/clkdiv_17 rising
  Destination Clock: XLXI_7/clkdiv_17 rising

  Data Path: XLXI_41/p0/pbshift_3 to XLXI_41/p0/pbreg
                                Gate     Net
    Cell:in->out      fanout   Delay   Delay  Logical Name (Net Name)
    ----------------------------------------  ------------
     FD:C->Q               3   0.282   0.616  XLXI_41/p0/pbshift_3 (XLXI_41/p0/pbshift_3)
     LUT3:I0->O            1   0.053   0.413  XLXI_41/p0/_n0011_SW0 (N7)
     LUT6:I5->O            1   0.053   0.602  XLXI_41/p0/_n0011 (XLXI_41/p0/_n0011)
     LUT3:I0->O            1   0.053   0.000  XLXI_41/p0/pbreg_rstpot (XLXI_41/p0/pbreg_rstpot)
     FD:D                      0.011          XLXI_41/p0/pbreg
    ----------------------------------------
    Total                      2.083ns (0.452ns logic, 1.631ns route)
                                       (21.7% logic, 78.3% route)

=========================================================================
Timing constraint: Default OFFSET IN BEFORE for Clock 'clk_100mhz'
  Total number of paths / destination ports: 19 / 19
-------------------------------------------------------------------------
Offset:              0.843ns (Levels of Logic = 1)
  Source:            RSTN (PAD)
  Destination:       XLXI_7/clkdiv_0 (FF)
  Destination Clock: clk_100mhz rising

  Data Path: RSTN to XLXI_7/clkdiv_0
                                Gate     Net
    Cell:in->out      fanout   Delay   Delay  Logical Name (Net Name)
    ----------------------------------------  ------------
     IBUF:I->O            19   0.000   0.518  RSTN_IBUF (RSTN_IBUF)
     FDC:CLR                   0.325          XLXI_7/clkdiv_0
    ----------------------------------------
    Total                      0.843ns (0.325ns logic, 0.518ns route)
                                       (38.6% logic, 61.4% route)

=========================================================================
Timing constraint: Default OFFSET IN BEFORE for Clock 'XLXI_41/p0/pbreg'
  Total number of paths / destination ports: 41 / 4
-------------------------------------------------------------------------
Offset:              6.842ns (Levels of Logic = 9)
  Source:            swt<0> (PAD)
  Destination:       XLXI_41/num_3 (FF)
  Destination Clock: XLXI_41/p0/pbreg rising

  Data Path: swt<0> to XLXI_41/num_3
                                Gate     Net
    Cell:in->out      fanout   Delay   Delay  Logical Name (Net Name)
    ----------------------------------------  ------------
     IBUF:I->O             7   0.000   0.779  swt_0_IBUF (swt_0_IBUF)
     XOR2:I0->O            3   0.053   0.739  XLXI_41/a1/XLXI_1/XLXI_2 (XLXI_41/a1/XLXI_1/XLXN_5)
     AND2:I1->O            1   0.067   0.725  XLXI_41/a1/XLXI_1/XLXI_1/XLXI_4 (XLXI_41/a1/XLXI_1/XLXI_1/XLXN_13)
     OR3:I1->O             3   0.067   0.753  XLXI_41/a1/XLXI_1/XLXI_1/XLXI_6 (XLXI_41/a1/XLXN_16)
     AND2:I0->O            1   0.053   0.725  XLXI_41/a1/XLXI_3/XLXI_1/XLXI_4 (XLXI_41/a1/XLXI_3/XLXI_1/XLXN_13)
     OR3:I1->O             3   0.067   0.753  XLXI_41/a1/XLXI_3/XLXI_1/XLXI_6 (XLXI_41/a1/XLXN_17)
     AND2:I0->O            1   0.053   0.725  XLXI_41/a1/XLXI_4/XLXI_1/XLXI_4 (XLXI_41/a1/XLXI_4/XLXI_1/XLXN_13)
     OR3:I1->O             3   0.067   0.753  XLXI_41/a1/XLXI_4/XLXI_1/XLXI_6 (XLXI_41/a1/XLXN_18)
     XOR2:I0->O            1   0.053   0.399  XLXI_41/a1/XLXI_5/XLXI_1/XLXI_2 (XLXI_41/A1<3>)
     FD:D                      0.011          XLXI_41/num_3
    ----------------------------------------
    Total                      6.842ns (0.491ns logic, 6.351ns route)
                                       (7.2% logic, 92.8% route)

=========================================================================
Timing constraint: Default OFFSET IN BEFORE for Clock 'XLXI_41/p1/pbreg'
  Total number of paths / destination ports: 41 / 4
-------------------------------------------------------------------------
Offset:              6.842ns (Levels of Logic = 9)
  Source:            swt<1> (PAD)
  Destination:       XLXI_41/num_7 (FF)
  Destination Clock: XLXI_41/p1/pbreg rising

  Data Path: swt<1> to XLXI_41/num_7
                                Gate     Net
    Cell:in->out      fanout   Delay   Delay  Logical Name (Net Name)
    ----------------------------------------  ------------
     IBUF:I->O             7   0.000   0.779  swt_1_IBUF (swt_1_IBUF)
     XOR2:I0->O            3   0.053   0.739  XLXI_41/a2/XLXI_1/XLXI_2 (XLXI_41/a2/XLXI_1/XLXN_5)
     AND2:I1->O            1   0.067   0.725  XLXI_41/a2/XLXI_1/XLXI_1/XLXI_4 (XLXI_41/a2/XLXI_1/XLXI_1/XLXN_13)
     OR3:I1->O             3   0.067   0.753  XLXI_41/a2/XLXI_1/XLXI_1/XLXI_6 (XLXI_41/a2/XLXN_16)
     AND2:I0->O            1   0.053   0.725  XLXI_41/a2/XLXI_3/XLXI_1/XLXI_4 (XLXI_41/a2/XLXI_3/XLXI_1/XLXN_13)
     OR3:I1->O             3   0.067   0.753  XLXI_41/a2/XLXI_3/XLXI_1/XLXI_6 (XLXI_41/a2/XLXN_17)
     AND2:I0->O            1   0.053   0.725  XLXI_41/a2/XLXI_4/XLXI_1/XLXI_4 (XLXI_41/a2/XLXI_4/XLXI_1/XLXN_13)
     OR3:I1->O             3   0.067   0.753  XLXI_41/a2/XLXI_4/XLXI_1/XLXI_6 (XLXI_41/a2/XLXN_18)
     XOR2:I0->O            1   0.053   0.399  XLXI_41/a2/XLXI_5/XLXI_1/XLXI_2 (XLXI_41/B1<3>)
     FD:D                      0.011          XLXI_41/num_7
    ----------------------------------------
    Total                      6.842ns (0.491ns logic, 6.351ns route)
                                       (7.2% logic, 92.8% route)

=========================================================================
Timing constraint: Default OFFSET IN BEFORE for Clock 'XLXI_7/clkdiv_17'
  Total number of paths / destination ports: 6 / 4
-------------------------------------------------------------------------
Offset:              1.612ns (Levels of Logic = 4)
  Source:            btn<0> (PAD)
  Destination:       XLXI_41/p0/pbreg (FF)
  Destination Clock: XLXI_7/clkdiv_17 rising

  Data Path: btn<0> to XLXI_41/p0/pbreg
                                Gate     Net
    Cell:in->out      fanout   Delay   Delay  Logical Name (Net Name)
    ----------------------------------------  ------------
     IBUF:I->O             3   0.000   0.427  btn_0_IBUF (btn_0_IBUF)
     LUT3:I2->O            1   0.053   0.413  XLXI_41/p0/_n0011_SW0 (N7)
     LUT6:I5->O            1   0.053   0.602  XLXI_41/p0/_n0011 (XLXI_41/p0/_n0011)
     LUT3:I0->O            1   0.053   0.000  XLXI_41/p0/pbreg_rstpot (XLXI_41/p0/pbreg_rstpot)
     FD:D                      0.011          XLXI_41/p0/pbreg
    ----------------------------------------
    Total                      1.612ns (0.170ns logic, 1.442ns route)
                                       (10.5% logic, 89.5% route)

=========================================================================
Timing constraint: Default OFFSET OUT AFTER for Clock 'clk_100mhz'
  Total number of paths / destination ports: 784 / 12
-------------------------------------------------------------------------
Offset:              7.313ns (Levels of Logic = 9)
  Source:            XLXI_7/clkdiv_17 (FF)
  Destination:       SEGMENT<5> (PAD)
  Source Clock:      clk_100mhz rising

  Data Path: XLXI_7/clkdiv_17 to SEGMENT<5>
                                Gate     Net
    Cell:in->out      fanout   Delay   Delay  Logical Name (Net Name)
    ----------------------------------------  ------------
     FDC:C->Q             29   0.282   0.551  XLXI_7/clkdiv_17 (XLXI_7/clkdiv_17)
     INV:I->O              2   0.393   0.731  XLXI_4/XLXI_2 (XLXI_4/XLXN_5)
     AND2:I1->O            4   0.067   0.745  XLXI_4/XLXI_5 (XLXI_4/XLXN_67)
     AND2:I1->O            1   0.067   0.725  XLXI_4/XLXI_13 (XLXI_4/XLXN_20)
     OR4:I1->O            11   0.067   0.465  XLXI_4/XLXI_24 (o<1>)
     INV:I->O              8   0.393   0.681  XLXI_1/XLXI_115 (XLXI_1/ND1)
     AND4:I2->O            2   0.157   0.608  XLXI_1/XLXI_112 (XLXI_1/XLXN_28)
     OR4:I3->O             1   0.190   0.725  XLXI_1/XLXI_20 (XLXI_1/XLXN_13)
     OR2:I1->O             1   0.067   0.399  XLXI_1/XLXI_4 (SEGMENT_3_OBUF)
     OBUF:I->O                 0.000          SEGMENT_3_OBUF (SEGMENT<3>)
    ----------------------------------------
    Total                      7.313ns (1.683ns logic, 5.630ns route)
                                       (23.0% logic, 77.0% route)

=========================================================================
Timing constraint: Default OFFSET OUT AFTER for Clock 'XLXI_41/p0/pbreg'
  Total number of paths / destination ports: 2654 / 7
-------------------------------------------------------------------------
Offset:              13.565ns (Levels of Logic = 17)
  Source:            XLXI_41/num_0 (FF)
  Destination:       SEGMENT<1> (PAD)
  Source Clock:      XLXI_41/p0/pbreg rising

  Data Path: XLXI_41/num_0 to SEGMENT<1>
                                Gate     Net
    Cell:in->out      fanout   Delay   Delay  Logical Name (Net Name)
    ----------------------------------------  ------------
     FD:C->Q               9   0.282   0.778  XLXI_41/num_0 (XLXI_41/num_0)
     AND2:I1->O            1   0.067   0.635  XLXI_39/XLXI_1/XLXI_1/XLXI_1/XLXI_3 (XLXI_39/XLXI_1/XLXI_1/XLXI_1/XLXN_12)
     OR3:I2->O             3   0.157   0.753  XLXI_39/XLXI_1/XLXI_1/XLXI_1/XLXI_6 (XLXI_39/XLXI_1/XLXN_16)
     AND2:I0->O            1   0.053   0.739  XLXI_39/XLXI_1/XLXI_3/XLXI_1/XLXI_5 (XLXI_39/XLXI_1/XLXI_3/XLXI_1/XLXN_14)
     OR3:I0->O             3   0.053   0.753  XLXI_39/XLXI_1/XLXI_3/XLXI_1/XLXI_6 (XLXI_39/XLXI_1/XLXN_17)
     AND2:I0->O            1   0.053   0.739  XLXI_39/XLXI_1/XLXI_4/XLXI_1/XLXI_5 (XLXI_39/XLXI_1/XLXI_4/XLXI_1/XLXN_14)
     OR3:I0->O             3   0.053   0.753  XLXI_39/XLXI_1/XLXI_4/XLXI_1/XLXI_6 (XLXI_39/XLXI_1/XLXN_18)
     AND2:I0->O            1   0.053   0.739  XLXI_39/XLXI_1/XLXI_5/XLXI_1/XLXI_5 (XLXI_39/XLXI_1/XLXI_5/XLXI_1/XLXN_14)
     OR3:I0->O             2   0.053   0.745  XLXI_39/XLXI_1/XLXI_5/XLXI_1/XLXI_6 (XLXI_39/XLXN_14)
     AND2:I0->O            1   0.053   0.725  XLXI_39/XLXI_5/XLXI_9 (XLXI_39/XLXI_5/XLXN_30)
     OR4:I1->O             1   0.067   0.739  XLXI_39/XLXI_5/XLXI_11 (I3<0>)
     AND2:I0->O            1   0.053   0.739  XLXI_4/XLXI_10 (XLXI_4/XLXN_17)
     OR4:I0->O            12   0.053   0.471  XLXI_4/XLXI_23 (o<0>)
     INV:I->O              6   0.393   0.772  XLXI_1/XLXI_285 (XLXI_1/XLXN_277)
     AND3:I0->O            2   0.053   0.731  XLXI_1/XLXI_35 (XLXI_1/XLXN_32)
     OR4:I1->O             1   0.067   0.725  XLXI_1/XLXI_17 (XLXI_1/XLXN_11)
     OR2:I1->O             1   0.067   0.399  XLXI_1/XLXI_6 (SEGMENT_1_OBUF)
     OBUF:I->O                 0.000          SEGMENT_1_OBUF (SEGMENT<1>)
    ----------------------------------------
    Total                     13.565ns (1.630ns logic, 11.935ns route)
                                       (12.0% logic, 88.0% route)

=========================================================================
Timing constraint: Default OFFSET OUT AFTER for Clock 'XLXI_41/p1/pbreg'
  Total number of paths / destination ports: 2654 / 7
-------------------------------------------------------------------------
Offset:              14.358ns (Levels of Logic = 18)
  Source:            XLXI_41/num_4 (FF)
  Destination:       SEGMENT<1> (PAD)
  Source Clock:      XLXI_41/p1/pbreg rising

  Data Path: XLXI_41/num_4 to SEGMENT<1>
                                Gate     Net
    Cell:in->out      fanout   Delay   Delay  Logical Name (Net Name)
    ----------------------------------------  ------------
     FD:C->Q               7   0.282   0.765  XLXI_41/num_4 (XLXI_41/num_4)
     XOR2:I1->O            3   0.067   0.753  XLXI_39/XLXI_1/XLXI_1/XLXI_2 (XLXI_39/XLXI_1/XLXI_1/XLXN_5)
     AND2:I0->O            1   0.053   0.635  XLXI_39/XLXI_1/XLXI_1/XLXI_1/XLXI_3 (XLXI_39/XLXI_1/XLXI_1/XLXI_1/XLXN_12)
     OR3:I2->O             3   0.157   0.753  XLXI_39/XLXI_1/XLXI_1/XLXI_1/XLXI_6 (XLXI_39/XLXI_1/XLXN_16)
     AND2:I0->O            1   0.053   0.739  XLXI_39/XLXI_1/XLXI_3/XLXI_1/XLXI_5 (XLXI_39/XLXI_1/XLXI_3/XLXI_1/XLXN_14)
     OR3:I0->O             3   0.053   0.753  XLXI_39/XLXI_1/XLXI_3/XLXI_1/XLXI_6 (XLXI_39/XLXI_1/XLXN_17)
     AND2:I0->O            1   0.053   0.739  XLXI_39/XLXI_1/XLXI_4/XLXI_1/XLXI_5 (XLXI_39/XLXI_1/XLXI_4/XLXI_1/XLXN_14)
     OR3:I0->O             3   0.053   0.753  XLXI_39/XLXI_1/XLXI_4/XLXI_1/XLXI_6 (XLXI_39/XLXI_1/XLXN_18)
     AND2:I0->O            1   0.053   0.739  XLXI_39/XLXI_1/XLXI_5/XLXI_1/XLXI_5 (XLXI_39/XLXI_1/XLXI_5/XLXI_1/XLXN_14)
     OR3:I0->O             2   0.053   0.745  XLXI_39/XLXI_1/XLXI_5/XLXI_1/XLXI_6 (XLXI_39/XLXN_14)
     AND2:I0->O            1   0.053   0.725  XLXI_39/XLXI_5/XLXI_9 (XLXI_39/XLXI_5/XLXN_30)
     OR4:I1->O             1   0.067   0.739  XLXI_39/XLXI_5/XLXI_11 (I3<0>)
     AND2:I0->O            1   0.053   0.739  XLXI_4/XLXI_10 (XLXI_4/XLXN_17)
     OR4:I0->O            12   0.053   0.471  XLXI_4/XLXI_23 (o<0>)
     INV:I->O              6   0.393   0.772  XLXI_1/XLXI_285 (XLXI_1/XLXN_277)
     AND3:I0->O            2   0.053   0.731  XLXI_1/XLXI_35 (XLXI_1/XLXN_32)
     OR4:I1->O             1   0.067   0.725  XLXI_1/XLXI_17 (XLXI_1/XLXN_11)
     OR2:I1->O             1   0.067   0.399  XLXI_1/XLXI_6 (SEGMENT_1_OBUF)
     OBUF:I->O                 0.000          SEGMENT_1_OBUF (SEGMENT<1>)
    ----------------------------------------
    Total                     14.358ns (1.683ns logic, 12.675ns route)
                                       (11.7% logic, 88.3% route)

=========================================================================
Timing constraint: Default path analysis
  Total number of paths / destination ports: 4611 / 9
-------------------------------------------------------------------------
Delay:               14.116ns (Levels of Logic = 19)
  Source:            Ctrl<0> (PAD)
  Destination:       SEGMENT<1> (PAD)

  Data Path: Ctrl<0> to SEGMENT<1>
                                Gate     Net
    Cell:in->out      fanout   Delay   Delay  Logical Name (Net Name)
    ----------------------------------------  ------------
     IBUF:I->O            13   0.000   0.819  Ctrl_0_IBUF (Ctrl_0_IBUF)
     XOR2:I0->O            3   0.053   0.753  XLXI_39/XLXI_1/XLXI_1/XLXI_2 (XLXI_39/XLXI_1/XLXI_1/XLXN_5)
     AND2:I0->O            1   0.053   0.635  XLXI_39/XLXI_1/XLXI_1/XLXI_1/XLXI_3 (XLXI_39/XLXI_1/XLXI_1/XLXI_1/XLXN_12)
     OR3:I2->O             3   0.157   0.753  XLXI_39/XLXI_1/XLXI_1/XLXI_1/XLXI_6 (XLXI_39/XLXI_1/XLXN_16)
     AND2:I0->O            1   0.053   0.739  XLXI_39/XLXI_1/XLXI_3/XLXI_1/XLXI_5 (XLXI_39/XLXI_1/XLXI_3/XLXI_1/XLXN_14)
     OR3:I0->O             3   0.053   0.753  XLXI_39/XLXI_1/XLXI_3/XLXI_1/XLXI_6 (XLXI_39/XLXI_1/XLXN_17)
     AND2:I0->O            1   0.053   0.739  XLXI_39/XLXI_1/XLXI_4/XLXI_1/XLXI_5 (XLXI_39/XLXI_1/XLXI_4/XLXI_1/XLXN_14)
     OR3:I0->O             3   0.053   0.753  XLXI_39/XLXI_1/XLXI_4/XLXI_1/XLXI_6 (XLXI_39/XLXI_1/XLXN_18)
     AND2:I0->O            1   0.053   0.739  XLXI_39/XLXI_1/XLXI_5/XLXI_1/XLXI_5 (XLXI_39/XLXI_1/XLXI_5/XLXI_1/XLXN_14)
     OR3:I0->O             2   0.053   0.745  XLXI_39/XLXI_1/XLXI_5/XLXI_1/XLXI_6 (XLXI_39/XLXN_14)
     AND2:I0->O            1   0.053   0.725  XLXI_39/XLXI_5/XLXI_9 (XLXI_39/XLXI_5/XLXN_30)
     OR4:I1->O             1   0.067   0.739  XLXI_39/XLXI_5/XLXI_11 (I3<0>)
     AND2:I0->O            1   0.053   0.739  XLXI_4/XLXI_10 (XLXI_4/XLXN_17)
     OR4:I0->O            12   0.053   0.471  XLXI_4/XLXI_23 (o<0>)
     INV:I->O              6   0.393   0.772  XLXI_1/XLXI_285 (XLXI_1/XLXN_277)
     AND3:I0->O            2   0.053   0.731  XLXI_1/XLXI_35 (XLXI_1/XLXN_32)
     OR4:I1->O             1   0.067   0.725  XLXI_1/XLXI_17 (XLXI_1/XLXN_11)
     OR2:I1->O             1   0.067   0.399  XLXI_1/XLXI_6 (SEGMENT_1_OBUF)
     OBUF:I->O                 0.000          SEGMENT_1_OBUF (SEGMENT<1>)
    ----------------------------------------
    Total                     14.116ns (1.387ns logic, 12.729ns route)
                                       (9.8% logic, 90.2% route)

=========================================================================

Cross Clock Domains Report:
--------------------------

Clock to Setup on destination clock XLXI_41/p0/pbreg
----------------+---------+---------+---------+---------+
                | Src:Rise| Src:Fall| Src:Rise| Src:Fall|
Source Clock    |Dest:Rise|Dest:Rise|Dest:Fall|Dest:Fall|
----------------+---------+---------+---------+---------+
XLXI_41/p0/pbreg|    6.331|         |         |         |
----------------+---------+---------+---------+---------+

Clock to Setup on destination clock XLXI_41/p1/pbreg
----------------+---------+---------+---------+---------+
                | Src:Rise| Src:Fall| Src:Rise| Src:Fall|
Source Clock    |Dest:Rise|Dest:Rise|Dest:Fall|Dest:Fall|
----------------+---------+---------+---------+---------+
XLXI_41/p1/pbreg|    6.318|         |         |         |
----------------+---------+---------+---------+---------+

Clock to Setup on destination clock XLXI_7/clkdiv_17
----------------+---------+---------+---------+---------+
                | Src:Rise| Src:Fall| Src:Rise| Src:Fall|
Source Clock    |Dest:Rise|Dest:Rise|Dest:Fall|Dest:Fall|
----------------+---------+---------+---------+---------+
XLXI_7/clkdiv_17|    2.083|         |         |         |
----------------+---------+---------+---------+---------+

Clock to Setup on destination clock clk_100mhz
---------------+---------+---------+---------+---------+
               | Src:Rise| Src:Fall| Src:Rise| Src:Fall|
Source Clock   |Dest:Rise|Dest:Rise|Dest:Fall|Dest:Fall|
---------------+---------+---------+---------+---------+
clk_100mhz     |    1.625|         |         |         |
---------------+---------+---------+---------+---------+

=========================================================================


Total REAL time to Xst completion: 12.00 secs
Total CPU time to Xst completion: 11.62 secs
 
--> 

Total memory usage is 4637640 kilobytes

Number of errors   :    0 (   0 filtered)
Number of warnings :   15 (   0 filtered)
Number of infos    :    3 (   0 filtered)

