Command line:
   Counter4b_Counter4b_sch_tb_isim_beh.exe
     -simmode  gui
     -simrunnum  0
     -socket  53360

Mon Jan 14 23:20:39 2019


 Elaboration Time: 0.15625 sec

 Current Memory Usage: 847.254 Meg

 Total Signals          : 82
 Total Nets             : 36
 Total Signal Drivers   : 32
 Total Blocks           : 17
 Total Primitive Blocks : 15
 Total Processes        : 46
 Total Traceable Variables  : 27
 Total Scalar Nets and Variables : 125
Total Line Count : 57

 Total Simulation Time: 0.171875 sec

 Current Memory Usage: 689.967 Meg

Mon Jan 14 23:24:11 2019

