Running: C:\Xilinx\14.7\ISE_DS\ISE\bin\nt64\unwrapped\fuse.exe -intstyle ise -incremental -lib unisims_ver -lib unimacro_ver -lib xilinxcorelib_ver -lib secureip -o E:/homework/sec/sl/sy/work8/MyAdder/Adder4b_Adder4b_sch_tb_isim_beh.exe -prj E:/homework/sec/sl/sy/work8/MyAdder/Adder4b_Adder4b_sch_tb_beh.prj work.Adder4b_Adder4b_sch_tb work.glbl 
ISim P.20131013 (signature 0x7708f090)
Number of CPUs detected in this system: 4
Turning on mult-threading, number of parallel sub-compilation jobs: 8 
Determining compilation order of HDL files
Analyzing Verilog file "E:/homework/sec/sl/sy/work8/MyAdder/Adder1b.vf" into library work
Analyzing Verilog file "E:/homework/sec/sl/sy/work8/MyAdder/Adder4b.vf" into library work
Analyzing Verilog file "E:/homework/sec/sl/sy/work8/MyAdder/test.v" into library work
Analyzing Verilog file "C:/Xilinx/14.7/ISE_DS/ISE//verilog/src/glbl.v" into library work
Starting static elaboration
Completed static elaboration
Compiling module XOR2
Compiling module AND2
Compiling module OR3
Compiling module Adder1b_MUSER_Adder4b
Compiling module Adder4b
Compiling module Adder4b_Adder4b_sch_tb
Compiling module glbl
Time Resolution for simulation is 1ps.
Waiting for 1 sub-compilation(s) to finish...
Compiled 7 Verilog Units
Built simulation executable E:/homework/sec/sl/sy/work8/MyAdder/Adder4b_Adder4b_sch_tb_isim_beh.exe
Fuse Memory Usage: 28284 KB
Fuse CPU Usage: 639 ms
