--------------------------------------------------------------------------------
Release 14.7 Trace  (nt64)
Copyright (c) 1995-2013 Xilinx, Inc.  All rights reserved.

C:\Xilinx\14.7\ISE_DS\ISE\bin\nt64\unwrapped\trce.exe -intstyle ise -v 3 -s 1
-n 3 -fastpaths -xml Top.twx Top.ncd -o Top.twr Top.pcf -ucf final_ucf.ucf

Design file:              Top.ncd
Physical constraint file: Top.pcf
Device,package,speed:     xc7k160t,ffg676,C,-1 (PRODUCTION 1.10 2013-10-13)
Report level:             verbose report

Environment Variable      Effect 
--------------------      ------ 
NONE                      No environment variables were set
--------------------------------------------------------------------------------

INFO:Timing:2698 - No timing constraints found, doing default enumeration.
INFO:Timing:3412 - To improve timing, see the Timing Closure User Guide (UG612).
INFO:Timing:2752 - To get complete path coverage, use the unconstrained paths 
   option. All paths that are not constrained will be reported in the 
   unconstrained paths section(s) of the report.
INFO:Timing:3339 - The clock-to-out numbers in this timing report are based on 
   a 50 Ohm transmission line loading model.  For the details of this model, 
   and for more information on accounting for different loading conditions, 
   please see the device datasheet.



Data Sheet report:
-----------------
All values displayed in nanoseconds (ns)

Setup/Hold to clock clk
------------+------------+------------+------------+------------+------------------+--------+
            |Max Setup to|  Process   |Max Hold to |  Process   |                  | Clock  |
Source      | clk (edge) |   Corner   | clk (edge) |   Corner   |Internal Clock(s) | Phase  |
------------+------------+------------+------------+------------+------------------+--------+
RSTN        |   -0.893(R)|      FAST  |    3.628(R)|      SLOW  |clk_BUFGP         |   0.000|
------------+------------+------------+------------+------------+------------------+--------+

Clock clk to Pad
------------+-----------------+------------+-----------------+------------+------------------+--------+
            |Max (slowest) clk|  Process   |Min (fastest) clk|  Process   |                  | Clock  |
Destination |  (edge) to PAD  |   Corner   |  (edge) to PAD  |   Corner   |Internal Clock(s) | Phase  |
------------+-----------------+------------+-----------------+------------+------------------+--------+
AN<0>       |        14.588(R)|      SLOW  |         5.597(R)|      FAST  |clk_BUFGP         |   0.000|
AN<1>       |        14.442(R)|      SLOW  |         5.621(R)|      FAST  |clk_BUFGP         |   0.000|
AN<2>       |        14.536(R)|      SLOW  |         5.556(R)|      FAST  |clk_BUFGP         |   0.000|
AN<3>       |        14.351(R)|      SLOW  |         5.527(R)|      FAST  |clk_BUFGP         |   0.000|
SEGMENT<0>  |        16.823(R)|      SLOW  |         5.932(R)|      FAST  |clk_BUFGP         |   0.000|
SEGMENT<1>  |        16.034(R)|      SLOW  |         5.869(R)|      FAST  |clk_BUFGP         |   0.000|
SEGMENT<2>  |        16.052(R)|      SLOW  |         5.786(R)|      FAST  |clk_BUFGP         |   0.000|
SEGMENT<3>  |        16.686(R)|      SLOW  |         5.643(R)|      FAST  |clk_BUFGP         |   0.000|
SEGMENT<4>  |        15.898(R)|      SLOW  |         5.702(R)|      FAST  |clk_BUFGP         |   0.000|
SEGMENT<5>  |        16.492(R)|      SLOW  |         5.779(R)|      FAST  |clk_BUFGP         |   0.000|
SEGMENT<6>  |        15.534(R)|      SLOW  |         5.712(R)|      FAST  |clk_BUFGP         |   0.000|
SEGMENT<7>  |        13.327(R)|      SLOW  |         5.160(R)|      FAST  |clk_BUFGP         |   0.000|
------------+-----------------+------------+-----------------+------------+------------------+--------+

Clock to Setup on destination clock clk
---------------+---------+---------+---------+---------+
               | Src:Rise| Src:Fall| Src:Rise| Src:Fall|
Source Clock   |Dest:Rise|Dest:Rise|Dest:Fall|Dest:Fall|
---------------+---------+---------+---------+---------+
clk            |    2.631|         |         |         |
---------------+---------+---------+---------+---------+

Pad to Pad
---------------+---------------+---------+
Source Pad     |Destination Pad|  Delay  |
---------------+---------------+---------+
BN             |K_ROW          |    5.861|
SW<0>          |SEGMENT<0>     |   10.696|
SW<0>          |SEGMENT<1>     |   10.602|
SW<0>          |SEGMENT<2>     |   10.381|
SW<0>          |SEGMENT<3>     |   10.076|
SW<0>          |SEGMENT<4>     |   10.222|
SW<0>          |SEGMENT<5>     |   10.401|
SW<0>          |SEGMENT<6>     |   10.257|
SW<1>          |SEGMENT<0>     |   10.687|
SW<1>          |SEGMENT<1>     |   10.593|
SW<1>          |SEGMENT<2>     |   10.372|
SW<1>          |SEGMENT<3>     |   10.067|
SW<1>          |SEGMENT<4>     |   10.213|
SW<1>          |SEGMENT<5>     |   10.392|
SW<1>          |SEGMENT<6>     |   10.248|
SW<2>          |SEGMENT<0>     |   10.624|
SW<2>          |SEGMENT<1>     |   10.530|
SW<2>          |SEGMENT<2>     |   10.309|
SW<2>          |SEGMENT<3>     |   10.004|
SW<2>          |SEGMENT<4>     |   10.150|
SW<2>          |SEGMENT<5>     |   10.329|
SW<2>          |SEGMENT<6>     |   10.185|
SW<3>          |SEGMENT<0>     |   10.391|
SW<3>          |SEGMENT<1>     |   10.297|
SW<3>          |SEGMENT<2>     |   10.076|
SW<3>          |SEGMENT<3>     |    9.771|
SW<3>          |SEGMENT<4>     |    9.917|
SW<3>          |SEGMENT<5>     |   10.096|
SW<3>          |SEGMENT<6>     |    9.952|
SW<4>          |SEGMENT<7>     |    9.058|
SW<5>          |SEGMENT<7>     |    9.117|
SW<6>          |SEGMENT<7>     |    8.777|
SW<7>          |SEGMENT<7>     |    8.833|
s              |LED<0>         |   10.331|
---------------+---------------+---------+


Analysis completed Mon Dec 24 20:54:12 2018 
--------------------------------------------------------------------------------

Trace Settings:
-------------------------
Trace Settings 

Peak Memory Usage: 5100 MB



