Release 14.7 - xst P.20131013 (nt64)
Copyright (c) 1995-2013 Xilinx, Inc.  All rights reserved.
--> Parameter TMPDIR set to xst/projnav.tmp


Total REAL time to Xst completion: 0.00 secs
Total CPU time to Xst completion: 0.14 secs
 
--> Parameter xsthdpdir set to xst


Total REAL time to Xst completion: 0.00 secs
Total CPU time to Xst completion: 0.14 secs
 
--> Reading design: top.prj

TABLE OF CONTENTS
  1) Synthesis Options Summary
  2) HDL Parsing
  3) HDL Elaboration
  4) HDL Synthesis
       4.1) HDL Synthesis Report
  5) Advanced HDL Synthesis
       5.1) Advanced HDL Synthesis Report
  6) Low Level Synthesis
  7) Partition Report
  8) Design Summary
       8.1) Primitive and Black Box Usage
       8.2) Device utilization summary
       8.3) Partition Resource Summary
       8.4) Timing Report
            8.4.1) Clock Information
            8.4.2) Asynchronous Control Signals Information
            8.4.3) Timing Summary
            8.4.4) Timing Details
            8.4.5) Cross Clock Domains Report


=========================================================================
*                      Synthesis Options Summary                        *
=========================================================================
---- Source Parameters
Input File Name                    : "top.prj"
Ignore Synthesis Constraint File   : NO

---- Target Parameters
Output File Name                   : "top"
Output Format                      : NGC
Target Device                      : xc7k160t-1-ffg676

---- Source Options
Top Module Name                    : top
Automatic FSM Extraction           : YES
FSM Encoding Algorithm             : Auto
Safe Implementation                : No
FSM Style                          : LUT
RAM Extraction                     : Yes
RAM Style                          : Auto
ROM Extraction                     : Yes
Shift Register Extraction          : YES
ROM Style                          : Auto
Resource Sharing                   : YES
Asynchronous To Synchronous        : NO
Shift Register Minimum Size        : 2
Use DSP Block                      : Auto
Automatic Register Balancing       : No

---- Target Options
LUT Combining                      : Auto
Reduce Control Sets                : Auto
Add IO Buffers                     : YES
Global Maximum Fanout              : 100000
Add Generic Clock Buffer(BUFG)     : 32
Register Duplication               : YES
Optimize Instantiated Primitives   : NO
Use Clock Enable                   : Auto
Use Synchronous Set                : Auto
Use Synchronous Reset              : Auto
Pack IO Registers into IOBs        : Auto
Equivalent register Removal        : YES

---- General Options
Optimization Goal                  : Speed
Optimization Effort                : 1
Power Reduction                    : NO
Keep Hierarchy                     : No
Netlist Hierarchy                  : As_Optimized
RTL Output                         : Yes
Global Optimization                : AllClockNets
Read Cores                         : YES
Write Timing Constraints           : NO
Cross Clock Analysis               : NO
Hierarchy Separator                : /
Bus Delimiter                      : <>
Case Specifier                     : Maintain
Slice Utilization Ratio            : 100
BRAM Utilization Ratio             : 100
DSP48 Utilization Ratio            : 100
Auto BRAM Packing                  : NO
Slice Utilization Ratio Delta      : 5

=========================================================================


=========================================================================
*                          HDL Parsing                                  *
=========================================================================
Analyzing Verilog file "C:\Users\Cassie\Desktop\My74LS161\sevenseg_SCH.vf" into library work
Parsing module <sevenseg_SCH>.
Analyzing Verilog file "C:\Users\Cassie\Desktop\My74LS161\My74LS161.v" into library work
Parsing module <My74LS161>.
Analyzing Verilog file "C:\Users\Cassie\Desktop\My74LS161\Mux4to1b4.vf" into library work
Parsing module <Mux4to1b4>.
Analyzing Verilog file "C:\Users\Cassie\Desktop\My74LS161\Mux4to1.vf" into library work
Parsing module <Mux4to1>.
Analyzing Verilog file "C:\Users\Cassie\Desktop\My74LS161\scoreboard_sch.vf" into library work
Parsing module <scoreboard_sch>.
Analyzing Verilog file "C:\Users\Cassie\Desktop\My74LS161\clock_24_60.v" into library work
Parsing module <clock_24_60>.
Analyzing Verilog file "C:\Users\Cassie\Desktop\My74LS161\clkdiv_t.v" into library work
Parsing module <clkdiv_t>.
Analyzing Verilog file "C:\Users\Cassie\Desktop\My74LS161\top.v" into library work
Parsing module <top>.

=========================================================================
*                            HDL Elaboration                            *
=========================================================================

Elaborating module <top>.

Elaborating module <clkdiv_t>.

Elaborating module <clock_24_60>.
WARNING:HDLCompiler:1127 - "C:\Users\Cassie\Desktop\My74LS161\clock_24_60.v" Line 35: Assignment to loadhourtwo ignored, since the identifier is never used

Elaborating module <My74LS161>.

Elaborating module <scoreboard_sch>.

Elaborating module <sevenseg_SCH>.

Elaborating module <AND4>.

Elaborating module <OR2>.

Elaborating module <OR3>.

Elaborating module <OR4>.

Elaborating module <AND3>.

Elaborating module <AND2>.

Elaborating module <INV>.

Elaborating module <Mux4to1>.

Elaborating module <Mux4to1b4>.

Elaborating module <BUF>.

Elaborating module <VCC>.

Elaborating module <GND>.
ERROR:HDLCompiler:696 - "C:\Users\Cassie\Desktop\My74LS161\top.v" Line 31: Part-select direction is opposite from prefix index direction
See declaration of clkdiv
WARNING:HDLCompiler:1127 - "C:\Users\Cassie\Desktop\My74LS161\top.v" Line 31: Assignment to K_ROW ignored, since the identifier is never used
WARNING:HDLCompiler:189 - "C:\Users\Cassie\Desktop\My74LS161\top.v" Line 31: Size mismatch in connection of port <AN>. Formal port size is 4-bit while actual signal size is 5-bit.
Module top remains a blackbox, due to errors in its contents
WARNING:HDLCompiler:1499 - "C:\Users\Cassie\Desktop\My74LS161\top.v" Line 21: Empty module <top> remains a black box.
--> 

Total memory usage is 4506640 kilobytes

Number of errors   :    1 (   0 filtered)
Number of warnings :    4 (   0 filtered)
Number of infos    :    0 (   0 filtered)

